<?xml version="1.0" encoding="UTF-8"?>
<coverage generated="1675626760044" clover="3.2.0">
  <project timestamp="1675626760044" name="All files">
    <metrics statements="24" coveredstatements="24" conditionals="23" coveredconditionals="21" methods="3" coveredmethods="3" elements="50" coveredelements="48" complexity="0" loc="24" ncloc="24" packages="1" files="4" classes="4"/>
    <file name="ConfirmPassword.js" path="/Users/deem/Desktop/GitHub/Rukam/Untitled/src/aUnitTest/ConfirmPassword.js">
      <metrics statements="4" coveredstatements="4" conditionals="4" coveredconditionals="4" methods="1" coveredmethods="1"/>
      <line num="5" count="3" type="cond" truecount="2" falsecount="0"/>
      <line num="6" count="2" type="cond" truecount="2" falsecount="0"/>
      <line num="7" count="1" type="stmt"/>
      <line num="14" count="2" type="stmt"/>
    </file>
    <file name="EditReport.js" path="/Users/deem/Desktop/GitHub/Rukam/Untitled/src/aUnitTest/EditReport.js">
      <metrics statements="0" coveredstatements="0" conditionals="0" coveredconditionals="0" methods="0" coveredmethods="0"/>
    </file>
    <file name="Login.js" path="/Users/deem/Desktop/GitHub/Rukam/Untitled/src/aUnitTest/Login.js">
      <metrics statements="7" coveredstatements="7" conditionals="5" coveredconditionals="4" methods="1" coveredmethods="1"/>
      <line num="1" count="1" type="stmt"/>
      <line num="2" count="1" type="cond" truecount="0" falsecount="1"/>
      <line num="3" count="8" type="cond" truecount="2" falsecount="0"/>
      <line num="4" count="1" type="stmt"/>
      <line num="5" count="7" type="cond" truecount="2" falsecount="0"/>
      <line num="6" count="6" type="stmt"/>
      <line num="8" count="1" type="stmt"/>
    </file>
    <file name="ResetPass.js" path="/Users/deem/Desktop/GitHub/Rukam/Untitled/src/aUnitTest/ResetPass.js">
      <metrics statements="13" coveredstatements="13" conditionals="14" coveredconditionals="13" methods="1" coveredmethods="1"/>
      <line num="1" count="1" type="stmt"/>
      <line num="2" count="1" type="stmt"/>
      <line num="3" count="1" type="stmt"/>
      <line num="4" count="1" type="stmt"/>
      <line num="8" count="5" type="cond" truecount="4" falsecount="0"/>
      <line num="13" count="5" type="cond" truecount="2" falsecount="0"/>
      <line num="14" count="1" type="stmt"/>
      <line num="20" count="4" type="cond" truecount="2" falsecount="0"/>
      <line num="21" count="1" type="stmt"/>
      <line num="27" count="3" type="cond" truecount="2" falsecount="0"/>
      <line num="31" count="2" type="stmt"/>
      <line num="37" count="1" type="cond" truecount="1" falsecount="1"/>
      <line num="38" count="1" type="stmt"/>
    </file>
  </project>
</coverage>
