{"/Users/deem/Desktop/GitHub/Rukam/Untitled/src/aUnitTest/AddDrone.js": {"path":"/Users/deem/Desktop/GitHub/Rukam/Untitled/src/aUnitTest/AddDrone.js","statementMap":{"0":{"start":{"line":1,"column":11},"end":{"line":1,"column":46}},"1":{"start":{"line":3,"column":28},"end":{"line":19,"column":1}},"2":{"start":{"line":4,"column":2},"end":{"line":12,"column":5}},"3":{"start":{"line":6,"column":4},"end":{"line":6,"column":17}},"4":{"start":{"line":7,"column":9},"end":{"line":12,"column":5}},"5":{"start":{"line":8,"column":4},"end":{"line":8,"column":17}},"6":{"start":{"line":10,"column":4},"end":{"line":12,"column":5}},"7":{"start":{"line":11,"column":6},"end":{"line":11,"column":19}},"8":{"start":{"line":13,"column":4},"end":{"line":18,"column":3}},"9":{"start":{"line":14,"column":6},"end":{"line":14,"column":19}},"10":{"start":{"line":16,"column":6},"end":{"line":16,"column":18}},"11":{"start":{"line":21,"column":28},"end":{"line":27,"column":1}},"12":{"start":{"line":22,"column":2},"end":{"line":26,"column":3}},"13":{"start":{"line":23,"column":4},"end":{"line":23,"column":17}},"14":{"start":{"line":25,"column":4},"end":{"line":25,"column":16}},"15":{"start":{"line":29,"column":27},"end":{"line":40,"column":1}},"16":{"start":{"line":30,"column":19},"end":{"line":30,"column":40}},"17":{"start":{"line":31,"column":19},"end":{"line":31,"column":40}},"18":{"start":{"line":32,"column":20},"end":{"line":32,"column":42}},"19":{"start":{"line":33,"column":16},"end":{"line":33,"column":31}},"20":{"start":{"line":35,"column":2},"end":{"line":39,"column":3}},"21":{"start":{"line":36,"column":4},"end":{"line":36,"column":16}},"22":{"start":{"line":38,"column":4},"end":{"line":38,"column":17}}},"fnMap":{"0":{"name":"(anonymous_0)","decl":{"start":{"line":3,"column":28},"end":{"line":3,"column":29}},"loc":{"start":{"line":3,"column":44},"end":{"line":19,"column":1}},"line":3},"1":{"name":"(anonymous_1)","decl":{"start":{"line":21,"column":28},"end":{"line":21,"column":29}},"loc":{"start":{"line":21,"column":40},"end":{"line":27,"column":1}},"line":21},"2":{"name":"(anonymous_2)","decl":{"start":{"line":29,"column":27},"end":{"line":29,"column":28}},"loc":{"start":{"line":29,"column":38},"end":{"line":40,"column":1}},"line":29}},"branchMap":{"0":{"loc":{"start":{"line":4,"column":2},"end":{"line":12,"column":5}},"type":"if","locations":[{"start":{"line":4,"column":2},"end":{"line":12,"column":5}},{"start":{"line":7,"column":9},"end":{"line":12,"column":5}}],"line":4},"1":{"loc":{"start":{"line":7,"column":9},"end":{"line":12,"column":5}},"type":"if","locations":[{"start":{"line":7,"column":9},"end":{"line":12,"column":5}},{"start":{"line":10,"column":4},"end":{"line":12,"column":5}}],"line":7},"2":{"loc":{"start":{"line":10,"column":4},"end":{"line":12,"column":5}},"type":"if","locations":[{"start":{"line":10,"column":4},"end":{"line":12,"column":5}},{"start":{},"end":{}}],"line":10},"3":{"loc":{"start":{"line":13,"column":4},"end":{"line":18,"column":3}},"type":"if","locations":[{"start":{"line":13,"column":4},"end":{"line":18,"column":3}},{"start":{"line":15,"column":11},"end":{"line":18,"column":3}}],"line":13},"4":{"loc":{"start":{"line":22,"column":2},"end":{"line":26,"column":3}},"type":"if","locations":[{"start":{"line":22,"column":2},"end":{"line":26,"column":3}},{"start":{"line":24,"column":9},"end":{"line":26,"column":3}}],"line":22},"5":{"loc":{"start":{"line":22,"column":6},"end":{"line":22,"column":64}},"type":"binary-expr","locations":[{"start":{"line":22,"column":6},"end":{"line":22,"column":22}},{"start":{"line":22,"column":26},"end":{"line":22,"column":44}},{"start":{"line":22,"column":48},"end":{"line":22,"column":64}}],"line":22},"6":{"loc":{"start":{"line":35,"column":2},"end":{"line":39,"column":3}},"type":"if","locations":[{"start":{"line":35,"column":2},"end":{"line":39,"column":3}},{"start":{"line":37,"column":9},"end":{"line":39,"column":3}}],"line":35},"7":{"loc":{"start":{"line":35,"column":6},"end":{"line":35,"column":48}},"type":"binary-expr","locations":[{"start":{"line":35,"column":6},"end":{"line":35,"column":14}},{"start":{"line":35,"column":18},"end":{"line":35,"column":26}},{"start":{"line":35,"column":30},"end":{"line":35,"column":39}},{"start":{"line":35,"column":43},"end":{"line":35,"column":48}}],"line":35}},"s":{"0":1,"1":1,"2":6,"3":2,"4":4,"5":1,"6":3,"7":1,"8":2,"9":1,"10":1,"11":1,"12":3,"13":2,"14":1,"15":1,"16":3,"17":3,"18":3,"19":3,"20":3,"21":2,"22":1},"f":{"0":6,"1":3,"2":3},"b":{"0":[2,4],"1":[1,3],"2":[1,2],"3":[1,1],"4":[2,1],"5":[3,2,2],"6":[2,1],"7":[3,2,2,2]},"_coverageSchema":"1a1c01bbd47fc00a2c39e90264f33305004495a9","hash":"d6b17e68602ffdeebb652ad98e2c6ae5af5c55c4"}
,"/Users/deem/Desktop/GitHub/Rukam/Untitled/src/aUnitTest/ConfirmPassword.js": {"path":"/Users/deem/Desktop/GitHub/Rukam/Untitled/src/aUnitTest/ConfirmPassword.js","statementMap":{"0":{"start":{"line":3,"column":4},"end":{"line":5,"column":56}},"1":{"start":{"line":4,"column":6},"end":{"line":5,"column":54}},"2":{"start":{"line":5,"column":8},"end":{"line":5,"column":51}},"3":{"start":{"line":6,"column":4},"end":{"line":6,"column":47}}},"fnMap":{"0":{"name":"ConfirmPassword","decl":{"start":{"line":2,"column":9},"end":{"line":2,"column":24}},"loc":{"start":{"line":2,"column":60},"end":{"line":7,"column":1}},"line":2}},"branchMap":{"0":{"loc":{"start":{"line":3,"column":4},"end":{"line":5,"column":56}},"type":"if","locations":[{"start":{"line":3,"column":4},"end":{"line":5,"column":56}},{"start":{},"end":{}}],"line":3},"1":{"loc":{"start":{"line":4,"column":6},"end":{"line":5,"column":54}},"type":"if","locations":[{"start":{"line":4,"column":6},"end":{"line":5,"column":54}},{"start":{},"end":{}}],"line":4}},"s":{"0":3,"1":2,"2":1,"3":2},"f":{"0":3},"b":{"0":[2,1],"1":[1,1]},"_coverageSchema":"1a1c01bbd47fc00a2c39e90264f33305004495a9","hash":"9e367cbb8eea86eb4a3b2c289f48c3e5d55cdf85"}
,"/Users/deem/Desktop/GitHub/Rukam/Untitled/src/aUnitTest/EditDrone.js": {"path":"/Users/deem/Desktop/GitHub/Rukam/Untitled/src/aUnitTest/EditDrone.js","statementMap":{"0":{"start":{"line":1,"column":11},"end":{"line":1,"column":46}},"1":{"start":{"line":3,"column":29},"end":{"line":19,"column":1}},"2":{"start":{"line":4,"column":2},"end":{"line":12,"column":5}},"3":{"start":{"line":6,"column":4},"end":{"line":6,"column":17}},"4":{"start":{"line":7,"column":9},"end":{"line":12,"column":5}},"5":{"start":{"line":8,"column":4},"end":{"line":8,"column":17}},"6":{"start":{"line":10,"column":4},"end":{"line":12,"column":5}},"7":{"start":{"line":11,"column":6},"end":{"line":11,"column":19}},"8":{"start":{"line":13,"column":4},"end":{"line":17,"column":5}},"9":{"start":{"line":14,"column":6},"end":{"line":14,"column":19}},"10":{"start":{"line":16,"column":6},"end":{"line":16,"column":18}},"11":{"start":{"line":20,"column":26},"end":{"line":26,"column":1}},"12":{"start":{"line":21,"column":2},"end":{"line":25,"column":3}},"13":{"start":{"line":22,"column":4},"end":{"line":22,"column":17}},"14":{"start":{"line":24,"column":4},"end":{"line":24,"column":16}},"15":{"start":{"line":27,"column":25},"end":{"line":38,"column":1}},"16":{"start":{"line":28,"column":19},"end":{"line":28,"column":40}},"17":{"start":{"line":29,"column":19},"end":{"line":29,"column":40}},"18":{"start":{"line":30,"column":20},"end":{"line":30,"column":42}},"19":{"start":{"line":31,"column":16},"end":{"line":31,"column":32}},"20":{"start":{"line":33,"column":2},"end":{"line":37,"column":3}},"21":{"start":{"line":34,"column":4},"end":{"line":34,"column":16}},"22":{"start":{"line":36,"column":4},"end":{"line":36,"column":17}}},"fnMap":{"0":{"name":"(anonymous_0)","decl":{"start":{"line":3,"column":29},"end":{"line":3,"column":30}},"loc":{"start":{"line":3,"column":45},"end":{"line":19,"column":1}},"line":3},"1":{"name":"(anonymous_1)","decl":{"start":{"line":20,"column":26},"end":{"line":20,"column":27}},"loc":{"start":{"line":20,"column":39},"end":{"line":26,"column":1}},"line":20},"2":{"name":"(anonymous_2)","decl":{"start":{"line":27,"column":25},"end":{"line":27,"column":26}},"loc":{"start":{"line":27,"column":36},"end":{"line":38,"column":1}},"line":27}},"branchMap":{"0":{"loc":{"start":{"line":4,"column":2},"end":{"line":12,"column":5}},"type":"if","locations":[{"start":{"line":4,"column":2},"end":{"line":12,"column":5}},{"start":{"line":7,"column":9},"end":{"line":12,"column":5}}],"line":4},"1":{"loc":{"start":{"line":7,"column":9},"end":{"line":12,"column":5}},"type":"if","locations":[{"start":{"line":7,"column":9},"end":{"line":12,"column":5}},{"start":{"line":10,"column":4},"end":{"line":12,"column":5}}],"line":7},"2":{"loc":{"start":{"line":10,"column":4},"end":{"line":12,"column":5}},"type":"if","locations":[{"start":{"line":10,"column":4},"end":{"line":12,"column":5}},{"start":{},"end":{}}],"line":10},"3":{"loc":{"start":{"line":13,"column":4},"end":{"line":17,"column":5}},"type":"if","locations":[{"start":{"line":13,"column":4},"end":{"line":17,"column":5}},{"start":{"line":15,"column":11},"end":{"line":17,"column":5}}],"line":13},"4":{"loc":{"start":{"line":21,"column":2},"end":{"line":25,"column":3}},"type":"if","locations":[{"start":{"line":21,"column":2},"end":{"line":25,"column":3}},{"start":{"line":23,"column":9},"end":{"line":25,"column":3}}],"line":21},"5":{"loc":{"start":{"line":21,"column":6},"end":{"line":21,"column":64}},"type":"binary-expr","locations":[{"start":{"line":21,"column":6},"end":{"line":21,"column":22}},{"start":{"line":21,"column":26},"end":{"line":21,"column":44}},{"start":{"line":21,"column":48},"end":{"line":21,"column":64}}],"line":21},"6":{"loc":{"start":{"line":33,"column":2},"end":{"line":37,"column":3}},"type":"if","locations":[{"start":{"line":33,"column":2},"end":{"line":37,"column":3}},{"start":{"line":35,"column":9},"end":{"line":37,"column":3}}],"line":33},"7":{"loc":{"start":{"line":33,"column":6},"end":{"line":33,"column":48}},"type":"binary-expr","locations":[{"start":{"line":33,"column":6},"end":{"line":33,"column":14}},{"start":{"line":33,"column":18},"end":{"line":33,"column":26}},{"start":{"line":33,"column":30},"end":{"line":33,"column":39}},{"start":{"line":33,"column":43},"end":{"line":33,"column":48}}],"line":33}},"s":{"0":1,"1":1,"2":6,"3":2,"4":4,"5":1,"6":3,"7":1,"8":2,"9":1,"10":1,"11":1,"12":3,"13":2,"14":1,"15":1,"16":3,"17":3,"18":3,"19":3,"20":3,"21":2,"22":1},"f":{"0":6,"1":3,"2":3},"b":{"0":[2,4],"1":[1,3],"2":[1,2],"3":[1,1],"4":[2,1],"5":[3,3,2],"6":[2,1],"7":[3,3,2,2]},"_coverageSchema":"1a1c01bbd47fc00a2c39e90264f33305004495a9","hash":"d9d62e84f02495123c7af545aa581a5f501c8574"}
,"/Users/deem/Desktop/GitHub/Rukam/Untitled/src/aUnitTest/EditReport.js": {"path":"/Users/deem/Desktop/GitHub/Rukam/Untitled/src/aUnitTest/EditReport.js","statementMap":{"0":{"start":{"line":3,"column":4},"end":{"line":3,"column":104}},"1":{"start":{"line":3,"column":29},"end":{"line":3,"column":103}},"2":{"start":{"line":4,"column":4},"end":{"line":5,"column":46}},"3":{"start":{"line":5,"column":4},"end":{"line":5,"column":45}},"4":{"start":{"line":6,"column":4},"end":{"line":6,"column":45}}},"fnMap":{"0":{"name":"EditReport","decl":{"start":{"line":2,"column":9},"end":{"line":2,"column":19}},"loc":{"start":{"line":2,"column":31},"end":{"line":7,"column":1}},"line":2}},"branchMap":{"0":{"loc":{"start":{"line":3,"column":4},"end":{"line":3,"column":104}},"type":"if","locations":[{"start":{"line":3,"column":4},"end":{"line":3,"column":104}},{"start":{},"end":{}}],"line":3},"1":{"loc":{"start":{"line":4,"column":4},"end":{"line":5,"column":46}},"type":"if","locations":[{"start":{"line":4,"column":4},"end":{"line":5,"column":46}},{"start":{},"end":{}}],"line":4}},"s":{"0":3,"1":1,"2":2,"3":1,"4":1},"f":{"0":3},"b":{"0":[1,2],"1":[1,1]},"_coverageSchema":"1a1c01bbd47fc00a2c39e90264f33305004495a9","hash":"fcf2f18ee21740fccc898063647e47d33d06c5e3"}
,"/Users/deem/Desktop/GitHub/Rukam/Untitled/src/aUnitTest/Login.js": {"path":"/Users/deem/Desktop/GitHub/Rukam/Untitled/src/aUnitTest/Login.js","statementMap":{"0":{"start":{"line":1,"column":21},"end":{"line":1,"column":56}},"1":{"start":{"line":3,"column":29},"end":{"line":11,"column":3}},"2":{"start":{"line":4,"column":4},"end":{"line":10,"column":5}},"3":{"start":{"line":5,"column":6},"end":{"line":5,"column":19}},"4":{"start":{"line":6,"column":11},"end":{"line":10,"column":5}},"5":{"start":{"line":7,"column":6},"end":{"line":7,"column":19}},"6":{"start":{"line":9,"column":6},"end":{"line":9,"column":18}}},"fnMap":{"0":{"name":"(anonymous_0)","decl":{"start":{"line":3,"column":29},"end":{"line":3,"column":30}},"loc":{"start":{"line":3,"column":39},"end":{"line":11,"column":3}},"line":3}},"branchMap":{"0":{"loc":{"start":{"line":4,"column":4},"end":{"line":10,"column":5}},"type":"if","locations":[{"start":{"line":4,"column":4},"end":{"line":10,"column":5}},{"start":{"line":6,"column":11},"end":{"line":10,"column":5}}],"line":4},"1":{"loc":{"start":{"line":6,"column":11},"end":{"line":10,"column":5}},"type":"if","locations":[{"start":{"line":6,"column":11},"end":{"line":10,"column":5}},{"start":{"line":8,"column":11},"end":{"line":10,"column":5}}],"line":6}},"s":{"0":1,"1":1,"2":10,"3":1,"4":9,"5":8,"6":1},"f":{"0":10},"b":{"0":[1,9],"1":[8,1]},"_coverageSchema":"1a1c01bbd47fc00a2c39e90264f33305004495a9","hash":"a97ccfc4bbef923b171cfe361b1ac4205dabc29a"}
,"/Users/deem/Desktop/GitHub/Rukam/Untitled/src/aUnitTest/ResetPass.js": {"path":"/Users/deem/Desktop/GitHub/Rukam/Untitled/src/aUnitTest/ResetPass.js","statementMap":{"0":{"start":{"line":1,"column":24},"end":{"line":1,"column":37}},"1":{"start":{"line":2,"column":24},"end":{"line":2,"column":37}},"2":{"start":{"line":3,"column":21},"end":{"line":3,"column":35}},"3":{"start":{"line":4,"column":24},"end":{"line":4,"column":31}},"4":{"start":{"line":8,"column":4},"end":{"line":11,"column":37}},"5":{"start":{"line":12,"column":2},"end":{"line":14,"column":3}},"6":{"start":{"line":13,"column":4},"end":{"line":13,"column":56}},"7":{"start":{"line":15,"column":2},"end":{"line":17,"column":3}},"8":{"start":{"line":16,"column":4},"end":{"line":16,"column":48}},"9":{"start":{"line":18,"column":2},"end":{"line":20,"column":3}},"10":{"start":{"line":19,"column":4},"end":{"line":19,"column":54}},"11":{"start":{"line":21,"column":2},"end":{"line":22,"column":4}}},"fnMap":{"0":{"name":"ResetPass","decl":{"start":{"line":6,"column":9},"end":{"line":6,"column":18}},"loc":{"start":{"line":6,"column":36},"end":{"line":23,"column":1}},"line":6}},"branchMap":{"0":{"loc":{"start":{"line":8,"column":4},"end":{"line":11,"column":37}},"type":"binary-expr","locations":[{"start":{"line":8,"column":4},"end":{"line":8,"column":37}},{"start":{"line":9,"column":4},"end":{"line":9,"column":34}},{"start":{"line":10,"column":4},"end":{"line":10,"column":37}},{"start":{"line":11,"column":4},"end":{"line":11,"column":37}}],"line":8},"1":{"loc":{"start":{"line":12,"column":2},"end":{"line":14,"column":3}},"type":"if","locations":[{"start":{"line":12,"column":2},"end":{"line":14,"column":3}},{"start":{},"end":{}}],"line":12},"2":{"loc":{"start":{"line":15,"column":2},"end":{"line":17,"column":3}},"type":"if","locations":[{"start":{"line":15,"column":2},"end":{"line":17,"column":3}},{"start":{},"end":{}}],"line":15},"3":{"loc":{"start":{"line":18,"column":2},"end":{"line":20,"column":3}},"type":"if","locations":[{"start":{"line":18,"column":2},"end":{"line":20,"column":3}},{"start":{},"end":{}}],"line":18},"4":{"loc":{"start":{"line":18,"column":6},"end":{"line":18,"column":77}},"type":"binary-expr","locations":[{"start":{"line":18,"column":6},"end":{"line":18,"column":40}},{"start":{"line":18,"column":43},"end":{"line":18,"column":77}}],"line":18}},"s":{"0":1,"1":1,"2":1,"3":1,"4":5,"5":5,"6":1,"7":4,"8":1,"9":3,"10":2,"11":1},"f":{"0":5},"b":{"0":[5,4,3,2],"1":[1,4],"2":[1,3],"3":[2,1],"4":[3,2]},"_coverageSchema":"1a1c01bbd47fc00a2c39e90264f33305004495a9","hash":"903d296c4a226a171c292f4d73ec0c25875ae178"}
}
