{"/Users/deem/Desktop/GitHub/Rukam/Untitled/src/aUnitTest/ConfirmPassword.js": {"path":"/Users/deem/Desktop/GitHub/Rukam/Untitled/src/aUnitTest/ConfirmPassword.js","statementMap":{"0":{"start":{"line":5,"column":4},"end":{"line":13,"column":5}},"1":{"start":{"line":6,"column":6},"end":{"line":12,"column":7}},"2":{"start":{"line":7,"column":8},"end":{"line":11,"column":10}},"3":{"start":{"line":14,"column":4},"end":{"line":18,"column":6}}},"fnMap":{"0":{"name":"ConfirmPassword","decl":{"start":{"line":3,"column":9},"end":{"line":3,"column":24}},"loc":{"start":{"line":3,"column":60},"end":{"line":19,"column":1}},"line":3}},"branchMap":{"0":{"loc":{"start":{"line":5,"column":4},"end":{"line":13,"column":5}},"type":"if","locations":[{"start":{"line":5,"column":4},"end":{"line":13,"column":5}},{"start":{},"end":{}}],"line":5},"1":{"loc":{"start":{"line":6,"column":6},"end":{"line":12,"column":7}},"type":"if","locations":[{"start":{"line":6,"column":6},"end":{"line":12,"column":7}},{"start":{},"end":{}}],"line":6}},"s":{"0":3,"1":2,"2":1,"3":2},"f":{"0":3},"b":{"0":[2,1],"1":[1,1]},"_coverageSchema":"1a1c01bbd47fc00a2c39e90264f33305004495a9","hash":"251e263bfe5d9bff2f9dac138916e46725c97d2e"}
,"/Users/deem/Desktop/GitHub/Rukam/Untitled/src/aUnitTest/EditReport.js": {"path":"/Users/deem/Desktop/GitHub/Rukam/Untitled/src/aUnitTest/EditReport.js","statementMap":{},"fnMap":{},"branchMap":{},"s":{},"f":{},"b":{}}
,"/Users/deem/Desktop/GitHub/Rukam/Untitled/src/aUnitTest/Login.js": {"path":"/Users/deem/Desktop/GitHub/Rukam/Untitled/src/aUnitTest/Login.js","statementMap":{"0":{"start":{"line":1,"column":21},"end":{"line":1,"column":56}},"1":{"start":{"line":2,"column":31},"end":{"line":10,"column":3}},"2":{"start":{"line":3,"column":4},"end":{"line":9,"column":5}},"3":{"start":{"line":4,"column":6},"end":{"line":4,"column":19}},"4":{"start":{"line":5,"column":11},"end":{"line":9,"column":5}},"5":{"start":{"line":6,"column":6},"end":{"line":6,"column":19}},"6":{"start":{"line":8,"column":6},"end":{"line":8,"column":18}}},"fnMap":{"0":{"name":"(anonymous_0)","decl":{"start":{"line":2,"column":31},"end":{"line":2,"column":32}},"loc":{"start":{"line":2,"column":44},"end":{"line":10,"column":3}},"line":2}},"branchMap":{"0":{"loc":{"start":{"line":2,"column":32},"end":{"line":2,"column":39}},"type":"default-arg","locations":[{"start":{"line":2,"column":37},"end":{"line":2,"column":39}}],"line":2},"1":{"loc":{"start":{"line":3,"column":4},"end":{"line":9,"column":5}},"type":"if","locations":[{"start":{"line":3,"column":4},"end":{"line":9,"column":5}},{"start":{"line":5,"column":11},"end":{"line":9,"column":5}}],"line":3},"2":{"loc":{"start":{"line":5,"column":11},"end":{"line":9,"column":5}},"type":"if","locations":[{"start":{"line":5,"column":11},"end":{"line":9,"column":5}},{"start":{"line":7,"column":11},"end":{"line":9,"column":5}}],"line":5}},"s":{"0":1,"1":1,"2":8,"3":1,"4":7,"5":6,"6":1},"f":{"0":8},"b":{"0":[0],"1":[1,7],"2":[6,1]},"_coverageSchema":"1a1c01bbd47fc00a2c39e90264f33305004495a9","hash":"812acc25c9b52ddf57d8b0bf0d78cf4739e86f22"}
,"/Users/deem/Desktop/GitHub/Rukam/Untitled/src/aUnitTest/ResetPass.js": {"path":"/Users/deem/Desktop/GitHub/Rukam/Untitled/src/aUnitTest/ResetPass.js","statementMap":{"0":{"start":{"line":1,"column":24},"end":{"line":1,"column":37}},"1":{"start":{"line":2,"column":24},"end":{"line":2,"column":37}},"2":{"start":{"line":3,"column":21},"end":{"line":3,"column":35}},"3":{"start":{"line":4,"column":24},"end":{"line":4,"column":31}},"4":{"start":{"line":8,"column":4},"end":{"line":11,"column":37}},"5":{"start":{"line":13,"column":2},"end":{"line":19,"column":3}},"6":{"start":{"line":14,"column":4},"end":{"line":18,"column":6}},"7":{"start":{"line":20,"column":2},"end":{"line":26,"column":3}},"8":{"start":{"line":21,"column":4},"end":{"line":25,"column":6}},"9":{"start":{"line":27,"column":2},"end":{"line":36,"column":3}},"10":{"start":{"line":31,"column":4},"end":{"line":35,"column":6}},"11":{"start":{"line":37,"column":2},"end":{"line":45,"column":5}},"12":{"start":{"line":38,"column":2},"end":{"line":45,"column":4}}},"fnMap":{"0":{"name":"ResetPass","decl":{"start":{"line":6,"column":9},"end":{"line":6,"column":18}},"loc":{"start":{"line":6,"column":36},"end":{"line":46,"column":1}},"line":6}},"branchMap":{"0":{"loc":{"start":{"line":8,"column":4},"end":{"line":11,"column":37}},"type":"binary-expr","locations":[{"start":{"line":8,"column":4},"end":{"line":8,"column":37}},{"start":{"line":9,"column":4},"end":{"line":9,"column":34}},{"start":{"line":10,"column":4},"end":{"line":10,"column":37}},{"start":{"line":11,"column":4},"end":{"line":11,"column":37}}],"line":8},"1":{"loc":{"start":{"line":13,"column":2},"end":{"line":19,"column":3}},"type":"if","locations":[{"start":{"line":13,"column":2},"end":{"line":19,"column":3}},{"start":{},"end":{}}],"line":13},"2":{"loc":{"start":{"line":20,"column":2},"end":{"line":26,"column":3}},"type":"if","locations":[{"start":{"line":20,"column":2},"end":{"line":26,"column":3}},{"start":{},"end":{}}],"line":20},"3":{"loc":{"start":{"line":27,"column":2},"end":{"line":36,"column":3}},"type":"if","locations":[{"start":{"line":27,"column":2},"end":{"line":36,"column":3}},{"start":{},"end":{}}],"line":27},"4":{"loc":{"start":{"line":28,"column":4},"end":{"line":29,"column":38}},"type":"binary-expr","locations":[{"start":{"line":28,"column":4},"end":{"line":28,"column":38}},{"start":{"line":29,"column":4},"end":{"line":29,"column":38}}],"line":28},"5":{"loc":{"start":{"line":37,"column":2},"end":{"line":45,"column":5}},"type":"if","locations":[{"start":{"line":37,"column":2},"end":{"line":45,"column":5}},{"start":{},"end":{}}],"line":37}},"s":{"0":1,"1":1,"2":1,"3":1,"4":5,"5":5,"6":1,"7":4,"8":1,"9":3,"10":2,"11":1,"12":1},"f":{"0":5},"b":{"0":[5,4,3,2],"1":[1,4],"2":[1,3],"3":[2,1],"4":[3,2],"5":[1,0]},"_coverageSchema":"1a1c01bbd47fc00a2c39e90264f33305004495a9","hash":"30f2e55d79e5b1138390acb6d3e59fbe79bd7f9c"}
}
