TN:
SF:src/aUnitTest/ConfirmPassword.js
FN:3,ConfirmPassword
FNF:1
FNH:1
FNDA:3,ConfirmPassword
DA:5,3
DA:6,2
DA:7,1
DA:14,2
LF:4
LH:4
BRDA:5,0,0,2
BRDA:5,0,1,1
BRDA:6,1,0,1
BRDA:6,1,1,1
BRF:4
BRH:4
end_of_record
TN:
SF:src/aUnitTest/EditReport.js
FNF:0
FNH:0
LF:0
LH:0
BRF:0
BRH:0
end_of_record
TN:
SF:src/aUnitTest/Login.js
FN:2,(anonymous_0)
FNF:1
FNH:1
FNDA:8,(anonymous_0)
DA:1,1
DA:2,1
DA:3,8
DA:4,1
DA:5,7
DA:6,6
DA:8,1
LF:7
LH:7
BRDA:2,0,0,0
BRDA:3,1,0,1
BRDA:3,1,1,7
BRDA:5,2,0,6
BRDA:5,2,1,1
BRF:5
BRH:4
end_of_record
TN:
SF:src/aUnitTest/ResetPass.js
FN:6,ResetPass
FNF:1
FNH:1
FNDA:5,ResetPass
DA:1,1
DA:2,1
DA:3,1
DA:4,1
DA:8,5
DA:13,5
DA:14,1
DA:20,4
DA:21,1
DA:27,3
DA:31,2
DA:37,1
DA:38,1
LF:13
LH:13
BRDA:8,0,0,5
BRDA:8,0,1,4
BRDA:8,0,2,3
BRDA:8,0,3,2
BRDA:13,1,0,1
BRDA:13,1,1,4
BRDA:20,2,0,1
BRDA:20,2,1,3
BRDA:27,3,0,2
BRDA:27,3,1,1
BRDA:28,4,0,3
BRDA:28,4,1,2
BRDA:37,5,0,1
BRDA:37,5,1,0
BRF:14
BRH:13
end_of_record
