TN:
SF:src/aUnitTest/AddDrone.js
FN:3,(anonymous_0)
FN:21,(anonymous_1)
FN:29,(anonymous_2)
FNF:3
FNH:3
FNDA:6,(anonymous_0)
FNDA:3,(anonymous_1)
FNDA:3,(anonymous_2)
DA:1,1
DA:3,1
DA:4,6
DA:6,2
DA:7,4
DA:8,1
DA:10,3
DA:11,1
DA:13,2
DA:14,1
DA:16,1
DA:21,1
DA:22,3
DA:23,2
DA:25,1
DA:29,1
DA:30,3
DA:31,3
DA:32,3
DA:33,3
DA:35,3
DA:36,2
DA:38,1
LF:23
LH:23
BRDA:4,0,0,2
BRDA:4,0,1,4
BRDA:7,1,0,1
BRDA:7,1,1,3
BRDA:10,2,0,1
BRDA:10,2,1,2
BRDA:13,3,0,1
BRDA:13,3,1,1
BRDA:22,4,0,2
BRDA:22,4,1,1
BRDA:22,5,0,3
BRDA:22,5,1,2
BRDA:22,5,2,2
BRDA:35,6,0,2
BRDA:35,6,1,1
BRDA:35,7,0,3
BRDA:35,7,1,2
BRDA:35,7,2,2
BRDA:35,7,3,2
BRF:19
BRH:19
end_of_record
TN:
SF:src/aUnitTest/ConfirmPassword.js
FN:2,ConfirmPassword
FNF:1
FNH:1
FNDA:3,ConfirmPassword
DA:3,3
DA:4,2
DA:5,1
DA:6,2
LF:4
LH:4
BRDA:3,0,0,2
BRDA:3,0,1,1
BRDA:4,1,0,1
BRDA:4,1,1,1
BRF:4
BRH:4
end_of_record
TN:
SF:src/aUnitTest/EditDrone.js
FN:3,(anonymous_0)
FN:20,(anonymous_1)
FN:27,(anonymous_2)
FNF:3
FNH:3
FNDA:6,(anonymous_0)
FNDA:3,(anonymous_1)
FNDA:3,(anonymous_2)
DA:1,1
DA:3,1
DA:4,6
DA:6,2
DA:7,4
DA:8,1
DA:10,3
DA:11,1
DA:13,2
DA:14,1
DA:16,1
DA:20,1
DA:21,3
DA:22,2
DA:24,1
DA:27,1
DA:28,3
DA:29,3
DA:30,3
DA:31,3
DA:33,3
DA:34,2
DA:36,1
LF:23
LH:23
BRDA:4,0,0,2
BRDA:4,0,1,4
BRDA:7,1,0,1
BRDA:7,1,1,3
BRDA:10,2,0,1
BRDA:10,2,1,2
BRDA:13,3,0,1
BRDA:13,3,1,1
BRDA:21,4,0,2
BRDA:21,4,1,1
BRDA:21,5,0,3
BRDA:21,5,1,3
BRDA:21,5,2,2
BRDA:33,6,0,2
BRDA:33,6,1,1
BRDA:33,7,0,3
BRDA:33,7,1,3
BRDA:33,7,2,2
BRDA:33,7,3,2
BRF:19
BRH:19
end_of_record
TN:
SF:src/aUnitTest/EditReport.js
FN:2,EditReport
FNF:1
FNH:1
FNDA:3,EditReport
DA:3,3
DA:4,2
DA:5,1
DA:6,1
LF:4
LH:4
BRDA:3,0,0,1
BRDA:3,0,1,2
BRDA:4,1,0,1
BRDA:4,1,1,1
BRF:4
BRH:4
end_of_record
TN:
SF:src/aUnitTest/Login.js
FN:3,(anonymous_0)
FNF:1
FNH:1
FNDA:10,(anonymous_0)
DA:1,1
DA:3,1
DA:4,10
DA:5,1
DA:6,9
DA:7,8
DA:9,1
LF:7
LH:7
BRDA:4,0,0,1
BRDA:4,0,1,9
BRDA:6,1,0,8
BRDA:6,1,1,1
BRF:4
BRH:4
end_of_record
TN:
SF:src/aUnitTest/ResetPass.js
FN:6,ResetPass
FNF:1
FNH:1
FNDA:5,ResetPass
DA:1,1
DA:2,1
DA:3,1
DA:4,1
DA:8,5
DA:12,5
DA:13,1
DA:15,4
DA:16,1
DA:18,3
DA:19,2
DA:21,1
LF:12
LH:12
BRDA:8,0,0,5
BRDA:8,0,1,4
BRDA:8,0,2,3
BRDA:8,0,3,2
BRDA:12,1,0,1
BRDA:12,1,1,4
BRDA:15,2,0,1
BRDA:15,2,1,3
BRDA:18,3,0,2
BRDA:18,3,1,1
BRDA:18,4,0,3
BRDA:18,4,1,2
BRF:12
BRH:12
end_of_record
